2021-02-22 23:07:57,363:INFO:C:\Users\Tomas\Desktop\term2\FYP\project\projects\fyp_k00232104_v3\appOrders\views.py changed, reloading.
2021-02-22 23:07:57,384:INFO:C:\Users\Tomas\Desktop\term2\FYP\project\projects\fyp_k00232104_v3\appOrders\views.py changed, reloading.
2021-02-22 23:15:00,475:INFO:C:\Users\Tomas\Desktop\term2\FYP\project\projects\fyp_k00232104_v3\appOrders\views.py changed, reloading.
2021-02-22 23:15:00,512:INFO:C:\Users\Tomas\Desktop\term2\FYP\project\projects\fyp_k00232104_v3\appOrders\views.py changed, reloading.
2021-02-22 23:17:02,105:INFO:C:\Users\Tomas\Desktop\term2\FYP\project\projects\fyp_k00232104_v3\appOrders\views.py changed, reloading.
2021-02-22 23:17:03,189:INFO:C:\Users\Tomas\Desktop\term2\FYP\project\projects\fyp_k00232104_v3\appOrders\views.py changed, reloading.
2021-02-22 23:25:00,880:INFO:C:\Users\Tomas\Desktop\term2\FYP\project\projects\fyp_k00232104_v3\appOrders\views.py changed, reloading.
2021-02-22 23:25:00,947:INFO:C:\Users\Tomas\Desktop\term2\FYP\project\projects\fyp_k00232104_v3\appOrders\views.py changed, reloading.
2021-02-22 23:28:34,715:WARNING:Not Found: /assets/plugins/popper.min.js
2021-02-22 23:28:34,733:WARNING:Not Found: /assets/plugins/bootstrap/js/bootstrap.min.js
2021-02-22 23:28:34,748:WARNING:Not Found: /assets/plugins/chart.js/chart.min.js
2021-02-22 23:28:34,758:WARNING:Not Found: /assets/js/index-charts.js
2021-02-22 23:28:34,768:WARNING:Not Found: /assets/js/buyFormController.js
2021-02-22 23:28:34,806:WARNING:Not Found: /assets/plugins/fontawesome/js/all.min.js
2021-02-22 23:28:34,864:WARNING:Not Found: /assets/plugins/popper.min.js
2021-02-22 23:28:34,875:WARNING:Not Found: /assets/plugins/bootstrap/js/bootstrap.min.js
2021-02-22 23:28:34,886:WARNING:Not Found: /assets/plugins/chart.js/chart.min.js
2021-02-22 23:28:34,896:WARNING:Not Found: /assets/js/index-charts.js
2021-02-22 23:28:34,906:WARNING:Not Found: /assets/js/buyFormController.js
2021-02-22 23:32:20,242:INFO:C:\Users\Tomas\Desktop\term2\FYP\project\projects\fyp_k00232104_v3\appOrders\views.py changed, reloading.
2021-02-22 23:32:20,817:INFO:C:\Users\Tomas\Desktop\term2\FYP\project\projects\fyp_k00232104_v3\appOrders\views.py changed, reloading.
2021-02-22 23:34:44,132:INFO:C:\Users\Tomas\Desktop\term2\FYP\project\projects\fyp_k00232104_v3\appOrders\views.py changed, reloading.
2021-02-22 23:34:44,914:INFO:C:\Users\Tomas\Desktop\term2\FYP\project\projects\fyp_k00232104_v3\appOrders\views.py changed, reloading.
2021-02-22 23:35:19,134:INFO:C:\Users\Tomas\Desktop\term2\FYP\project\projects\fyp_k00232104_v3\appOrders\views.py changed, reloading.
2021-02-22 23:35:19,467:INFO:C:\Users\Tomas\Desktop\term2\FYP\project\projects\fyp_k00232104_v3\appOrders\views.py changed, reloading.
2021-02-22 23:35:38,805:INFO:C:\Users\Tomas\Desktop\term2\FYP\project\projects\fyp_k00232104_v3\appOrders\views.py changed, reloading.
2021-02-22 23:35:39,040:INFO:C:\Users\Tomas\Desktop\term2\FYP\project\projects\fyp_k00232104_v3\appOrders\views.py changed, reloading.
2021-02-22 23:35:57,371:INFO:C:\Users\Tomas\Desktop\term2\FYP\project\projects\fyp_k00232104_v3\appOrders\views.py changed, reloading.
2021-02-22 23:35:57,375:INFO:C:\Users\Tomas\Desktop\term2\FYP\project\projects\fyp_k00232104_v3\appOrders\views.py changed, reloading.
2021-02-22 23:36:46,112:INFO:C:\Users\Tomas\Desktop\term2\FYP\project\projects\fyp_k00232104_v3\appOrders\views.py changed, reloading.
2021-02-22 23:36:46,120:INFO:C:\Users\Tomas\Desktop\term2\FYP\project\projects\fyp_k00232104_v3\appOrders\views.py changed, reloading.
2021-02-22 23:43:59,810:INFO:C:\Users\Tomas\Desktop\term2\FYP\project\projects\fyp_k00232104_v3\appOrders\views.py changed, reloading.
2021-02-22 23:43:59,824:INFO:C:\Users\Tomas\Desktop\term2\FYP\project\projects\fyp_k00232104_v3\appOrders\views.py changed, reloading.
2021-02-22 23:50:32,941:INFO:C:\Users\Tomas\Desktop\term2\FYP\project\projects\fyp_k00232104_v3\appOrders\views.py changed, reloading.
2021-02-22 23:50:33,021:INFO:C:\Users\Tomas\Desktop\term2\FYP\project\projects\fyp_k00232104_v3\appOrders\views.py changed, reloading.
2021-02-23 00:00:58,001:INFO:C:\Users\Tomas\Desktop\term2\FYP\project\projects\fyp_k00232104_v3\appOrders\views.py changed, reloading.
2021-02-23 00:00:58,071:INFO:C:\Users\Tomas\Desktop\term2\FYP\project\projects\fyp_k00232104_v3\appOrders\views.py changed, reloading.
2021-02-23 00:03:18,245:ERROR:Internal Server Error: /appStockTrade/stock_details/
Traceback (most recent call last):
  File "C:\Users\Tomas\anaconda3\envs\fyp_k00232104\lib\site-packages\django\core\handlers\exception.py", line 47, in inner
    response = get_response(request)
  File "C:\Users\Tomas\anaconda3\envs\fyp_k00232104\lib\site-packages\django\core\handlers\base.py", line 179, in _get_response
    response = wrapped_callback(request, *callback_args, **callback_kwargs)
  File "C:\Users\Tomas\Desktop\term2\FYP\project\projects\fyp_k00232104_v3\appStockTrade\views.py", line 65, in stock_details
    'company_website': company.info['website'],
KeyError: 'website'
2021-02-23 00:03:55,306:INFO:C:\Users\Tomas\Desktop\term2\FYP\project\projects\fyp_k00232104_v3\appOrders\views.py changed, reloading.
2021-02-23 00:03:56,350:INFO:C:\Users\Tomas\Desktop\term2\FYP\project\projects\fyp_k00232104_v3\appOrders\views.py changed, reloading.
2021-02-23 00:08:28,644:WARNING:Not Found: /assets/plugins/popper.min.js
2021-02-23 00:08:28,645:WARNING:Not Found: /assets/js/index-charts.js
2021-02-23 00:08:28,647:WARNING:Not Found: /assets/js/buyFormController.js
2021-02-23 00:08:28,650:WARNING:Not Found: /assets/plugins/fontawesome/js/all.min.js
2021-02-23 00:08:28,654:WARNING:Not Found: /assets/plugins/bootstrap/js/bootstrap.min.js
2021-02-23 00:08:28,659:WARNING:Not Found: /assets/plugins/chart.js/chart.min.js
2021-02-23 00:08:28,731:WARNING:Not Found: /assets/js/index-charts.js
2021-02-23 00:08:28,743:WARNING:Not Found: /assets/js/buyFormController.js
2021-02-23 00:18:22,345:INFO:C:\Users\Tomas\Desktop\term2\FYP\project\projects\fyp_k00232104_v3\appOrders\views.py changed, reloading.
2021-02-23 00:18:22,454:INFO:C:\Users\Tomas\Desktop\term2\FYP\project\projects\fyp_k00232104_v3\appOrders\views.py changed, reloading.
2021-02-23 00:21:26,085:INFO:C:\Users\Tomas\Desktop\term2\FYP\project\projects\fyp_k00232104_v3\appOrders\views.py changed, reloading.
2021-02-23 00:21:26,193:INFO:C:\Users\Tomas\Desktop\term2\FYP\project\projects\fyp_k00232104_v3\appOrders\views.py changed, reloading.
2021-02-23 00:33:30,837:INFO:C:\Users\Tomas\Desktop\term2\FYP\project\projects\fyp_k00232104_v3\appOrders\views.py changed, reloading.
2021-02-23 00:33:30,856:INFO:C:\Users\Tomas\Desktop\term2\FYP\project\projects\fyp_k00232104_v3\appOrders\views.py changed, reloading.
2021-02-23 00:37:56,905:INFO:C:\Users\Tomas\Desktop\term2\FYP\project\projects\fyp_k00232104_v3\appOrders\views.py changed, reloading.
2021-02-23 00:37:56,937:INFO:C:\Users\Tomas\Desktop\term2\FYP\project\projects\fyp_k00232104_v3\appOrders\views.py changed, reloading.
2021-02-23 00:46:30,756:WARNING:Not Found: /assets/plugins/popper.min.js
2021-02-23 00:46:30,758:WARNING:Not Found: /assets/plugins/chart.js/chart.min.js
2021-02-23 00:46:30,760:WARNING:Not Found: /assets/js/index-charts.js
2021-02-23 00:46:30,762:WARNING:Not Found: /assets/plugins/bootstrap/js/bootstrap.min.js
2021-02-23 00:46:30,764:WARNING:Not Found: /assets/js/buyFormController.js
2021-02-23 00:46:30,767:WARNING:Not Found: /assets/plugins/fontawesome/js/all.min.js
2021-02-23 00:46:30,781:WARNING:Not Found: /assets/plugins/chart.js/chart.min.js
2021-02-23 00:46:30,792:WARNING:Not Found: /assets/js/index-charts.js
2021-02-23 00:46:30,802:WARNING:Not Found: /assets/js/buyFormController.js
2021-02-23 00:54:07,161:INFO:C:\Users\Tomas\Desktop\term2\FYP\project\projects\fyp_k00232104_v3\appOrders\views.py changed, reloading.
2021-02-23 00:54:07,166:INFO:C:\Users\Tomas\Desktop\term2\FYP\project\projects\fyp_k00232104_v3\appOrders\views.py changed, reloading.
2021-02-23 00:58:46,618:INFO:C:\Users\Tomas\Desktop\term2\FYP\project\projects\fyp_k00232104_v3\appOrders\views.py changed, reloading.
2021-02-23 00:58:46,713:INFO:C:\Users\Tomas\Desktop\term2\FYP\project\projects\fyp_k00232104_v3\appOrders\views.py changed, reloading.
2021-02-23 01:02:15,632:INFO:C:\Users\Tomas\Desktop\term2\FYP\project\projects\fyp_k00232104_v3\appOrders\views.py changed, reloading.
2021-02-23 01:02:15,672:INFO:C:\Users\Tomas\Desktop\term2\FYP\project\projects\fyp_k00232104_v3\appOrders\views.py changed, reloading.
2021-02-23 01:08:13,689:INFO:C:\Users\Tomas\Desktop\term2\FYP\project\projects\fyp_k00232104_v3\appOrders\views.py changed, reloading.
2021-02-23 01:08:13,776:INFO:C:\Users\Tomas\Desktop\term2\FYP\project\projects\fyp_k00232104_v3\appOrders\views.py changed, reloading.
2021-02-23 01:21:05,743:INFO:C:\Users\Tomas\Desktop\term2\FYP\project\projects\fyp_k00232104_v3\appOrders\views.py changed, reloading.
2021-02-23 01:21:05,804:INFO:C:\Users\Tomas\Desktop\term2\FYP\project\projects\fyp_k00232104_v3\appOrders\views.py changed, reloading.
